<?xml version="1.0" encoding="UTF-8"?>
<testsuite xmlns:xsi="http://www.w3.org/2001/XMLSchema-instance" xsi:noNamespaceSchemaLocation="https://maven.apache.org/surefire/maven-surefire-plugin/xsd/surefire-test-report.xsd" name="de.neemann.digital.core.io.StepperMotorUnipolarTest" time="0.02" tests="2" errors="0" skipped="0" failures="0">
  <properties>
[...]
</properties>
  <testcase name="testTheTest" classname="de.neemann.digital.core.io.StepperMotorUnipolarTest" time="0"/>
  <testcase name="testCreateIncrement" classname="de.neemann.digital.core.io.StepperMotorUnipolarTest" time="0.02"/>
</testsuite>